<?xml version="1.0" encoding="UTF-8"?>
<testsuite xmlns:xsi="http://www.w3.org/2001/XMLSchema-instance" xsi:noNamespaceSchemaLocation="https://maven.apache.org/surefire/maven-surefire-plugin/xsd/surefire-test-report-3.0.xsd" version="3.0" name="com.example.jsonValidation" time="0.687" tests="291" errors="0" skipped="0" failures="0">
  <properties>
[...]
</properties>
  <testcase name="statusOfMatchValidation[1-3 237 223 Team1: Aston Villa | Team2: Leicester City]" classname="com.example.jsonValidation" time="0.002"/>
  <testcase name="parametersTrTrhValidation[1-3 237 223 Team1: Aston Villa | Team2: Leicester City]" classname="com.example.jsonValidation" time="0"/>
  <testcase name="defaultProviderValidation[1-3 237 223 Team1: Aston Villa | Team2: Leicester City]" classname="com.example.jsonValidation" time="0.004"/>
  <testcase name="statusOfMatchValidation[1-3 066 180 Team1: Blackburn Rovers | Team2: Queens Park Rangers]" classname="com.example.jsonValidation" time="0"/>
  <testcase name="parametersTrTrhValidation[1-3 066 180 Team1: Blackburn Rovers | Team2: Queens Park Rangers]" classname="com.example.jsonValidation" time="0"/>
  <testcase name="defaultProviderValidation[1-3 066 180 Team1: Blackburn Rovers | Team2: Queens Park Rangers]" classname="com.example.jsonValidation" time="0.005"/>
  <testcase name="statusOfMatchValidation[1-3 066 181 Team1: Brentford | Team2: Nottingham Forest]" classname="com.example.jsonValidation" time="0"/>
  <testcase name="parametersTrTrhValidation[1-3 066 181 Team1: Brentford | Team2: Nottingham Forest]" classname="com.example.jsonValidation" time="0"/>
  <testcase name="defaultProviderValidation[1-3 066 181 Team1: Brentford | Team2: Nottingham Forest]" classname="com.example.jsonValidation" time="0.011"/>
  <testcase name="statusOfMatchValidation[1-3 066 182 Team1: Cardiff City | Team2: West Bromwich Albion]" classname="com.example.jsonValidation" time="0"/>
  <testcase name="parametersTrTrhValidation[1-3 066 182 Team1: Cardiff City | Team2: West Bromwich Albion]" classname="com.example.jsonValidation" time="0"/>
  <testcase name="defaultProviderValidation[1-3 066 182 Team1: Cardiff City | Team2: West Bromwich Albion]" classname="com.example.jsonValidation" time="0.005"/>
  <testcase name="statusOfMatchValidation[1-3 066 184 Team1: Hull City | Team2: Huddersfield Town]" classname="com.example.jsonValidation" time="0"/>
  <testcase name="parametersTrTrhValidation[1-3 066 184 Team1: Hull City | Team2: Huddersfield Town]" classname="com.example.jsonValidation" time="0"/>
  <testcase name="defaultProviderValidation[1-3 066 184 Team1: Hull City | Team2: Huddersfield Town]" classname="com.example.jsonValidation" time="0.005"/>
  <testcase name="statusOfMatchValidation[1-3 066 185 Team1: Leeds United | Team2: Millwall]" classname="com.example.jsonValidation" time="0"/>
  <testcase name="parametersTrTrhValidation[1-3 066 185 Team1: Leeds United | Team2: Millwall]" classname="com.example.jsonValidation" time="0"/>
  <testcase name="defaultProviderValidation[1-3 066 185 Team1: Leeds United | Team2: Millwall]" classname="com.example.jsonValidation" time="0.003"/>
  <testcase name="statusOfMatchValidation[1-3 066 186 Team1: Luton Town | Team2: Derby County]" classname="com.example.jsonValidation" time="0"/>
  <testcase name="parametersTrTrhValidation[1-3 066 186 Team1: Luton Town | Team2: Derby County]" classname="com.example.jsonValidation" time="0"/>
  <testcase name="defaultProviderValidation[1-3 066 186 Team1: Luton Town | Team2: Derby County]" classname="com.example.jsonValidation" time="0.015"/>
  <testcase name="statusOfMatchValidation[1-3 066 190 Team1: Wigan Athletic | Team2: Sheffield Wednesday]" classname="com.example.jsonValidation" time="0"/>
  <testcase name="parametersTrTrhValidation[1-3 066 190 Team1: Wigan Athletic | Team2: Sheffield Wednesday]" classname="com.example.jsonValidation" time="0"/>
  <testcase name="defaultProviderValidation[1-3 066 190 Team1: Wigan Athletic | Team2: Sheffield Wednesday]" classname="com.example.jsonValidation" time="0.006"/>
  <testcase name="statusOfMatchValidation[1-3 066 188 Team1: Reading | Team2: Bristol City]" classname="com.example.jsonValidation" time="0"/>
  <testcase name="parametersTrTrhValidation[1-3 066 188 Team1: Reading | Team2: Bristol City]" classname="com.example.jsonValidation" time="0"/>
  <testcase name="defaultProviderValidation[1-3 066 188 Team1: Reading | Team2: Bristol City]" classname="com.example.jsonValidation" time="0.008"/>
  <testcase name="statusOfMatchValidation[1-3 066 744 Team1: AFC Wimbledon | Team2: Burton Albion]" classname="com.example.jsonValidation" time="0.002"/>
  <testcase name="parametersTrTrhValidation[1-3 066 744 Team1: AFC Wimbledon | Team2: Burton Albion]" classname="com.example.jsonValidation" time="0"/>
  <testcase name="defaultProviderValidation[1-3 066 744 Team1: AFC Wimbledon | Team2: Burton Albion]" classname="com.example.jsonValidation" time="0.041"/>
  <testcase name="statusOfMatchValidation[1-3 066 743 Team1: Accrington Stanley | Team2: Peterborough United]" classname="com.example.jsonValidation" time="0"/>
  <testcase name="parametersTrTrhValidation[1-3 066 743 Team1: Accrington Stanley | Team2: Peterborough United]" classname="com.example.jsonValidation" time="0"/>
  <testcase name="defaultProviderValidation[1-3 066 743 Team1: Accrington Stanley | Team2: Peterborough United]" classname="com.example.jsonValidation" time="0.015"/>
  <testcase name="statusOfMatchValidation[1-3 066 745 Team1: Bury | Team2: Oxford United]" classname="com.example.jsonValidation" time="0"/>
  <testcase name="parametersTrTrhValidation[1-3 066 745 Team1: Bury | Team2: Oxford United]" classname="com.example.jsonValidation" time="0"/>
  <testcase name="defaultProviderValidation[1-3 066 745 Team1: Bury | Team2: Oxford United]" classname="com.example.jsonValidation" time="0.003"/>
  <testcase name="statusOfMatchValidation[1-3 066 746 Team1: Doncaster Rovers | Team2: Southend United]" classname="com.example.jsonValidation" time="0"/>
  <testcase name="parametersTrTrhValidation[1-3 066 746 Team1: Doncaster Rovers | Team2: Southend United]" classname="com.example.jsonValidation" time="0"/>
  <testcase name="defaultProviderValidation[1-3 066 746 Team1: Doncaster Rovers | Team2: Southend United]" classname="com.example.jsonValidation" time="0.006"/>
  <testcase name="statusOfMatchValidation[1-3 066 747 Team1: Fleetwood Town | Team2: Coventry City]" classname="com.example.jsonValidation" time="0"/>
  <testcase name="parametersTrTrhValidation[1-3 066 747 Team1: Fleetwood Town | Team2: Coventry City]" classname="com.example.jsonValidation" time="0"/>
  <testcase name="defaultProviderValidation[1-3 066 747 Team1: Fleetwood Town | Team2: Coventry City]" classname="com.example.jsonValidation" time="0.003"/>
  <testcase name="statusOfMatchValidation[1-3 066 749 Team1: Lincoln City | Team2: Portsmouth]" classname="com.example.jsonValidation" time="0"/>
  <testcase name="parametersTrTrhValidation[1-3 066 749 Team1: Lincoln City | Team2: Portsmouth]" classname="com.example.jsonValidation" time="0"/>
  <testcase name="defaultProviderValidation[1-3 066 749 Team1: Lincoln City | Team2: Portsmouth]" classname="com.example.jsonValidation" time="0.004"/>
  <testcase name="statusOfMatchValidation[1-3 066 750 Team1: Milton Keynes Dons | Team2: Rochdale]" classname="com.example.jsonValidation" time="0"/>
  <testcase name="parametersTrTrhValidation[1-3 066 750 Team1: Milton Keynes Dons | Team2: Rochdale]" classname="com.example.jsonValidation" time="0"/>
  <testcase name="defaultProviderValidation[1-3 066 750 Team1: Milton Keynes Dons | Team2: Rochdale]" classname="com.example.jsonValidation" time="0.002"/>
  <testcase name="statusOfMatchValidation[1-3 066 751 Team1: Rotherham United | Team2: Ipswich Town]" classname="com.example.jsonValidation" time="0"/>
  <testcase name="parametersTrTrhValidation[1-3 066 751 Team1: Rotherham United | Team2: Ipswich Town]" classname="com.example.jsonValidation" time="0"/>
  <testcase name="defaultProviderValidation[1-3 066 751 Team1: Rotherham United | Team2: Ipswich Town]" classname="com.example.jsonValidation" time="0.003"/>
  <testcase name="statusOfMatchValidation[1-3 066 754 Team1: Bolton Wanderers | Team2: Bristol Rovers]" classname="com.example.jsonValidation" time="0"/>
  <testcase name="parametersTrTrhValidation[1-3 066 754 Team1: Bolton Wanderers | Team2: Bristol Rovers]" classname="com.example.jsonValidation" time="0"/>
  <testcase name="defaultProviderValidation[1-3 066 754 Team1: Bolton Wanderers | Team2: Bristol Rovers]" classname="com.example.jsonValidation" time="0.002"/>
  <testcase name="statusOfMatchValidation[1-3 066 753 Team1: Wycombe Wanderers | Team2: Blackpool]" classname="com.example.jsonValidation" time="0"/>
  <testcase name="parametersTrTrhValidation[1-3 066 753 Team1: Wycombe Wanderers | Team2: Blackpool]" classname="com.example.jsonValidation" time="0"/>
  <testcase name="defaultProviderValidation[1-3 066 753 Team1: Wycombe Wanderers | Team2: Blackpool]" classname="com.example.jsonValidation" time="0.003"/>
  <testcase name="statusOfMatchValidation[1-3 067 295 Team1: Bradford City | Team2: Cheltenham Town]" classname="com.example.jsonValidation" time="0"/>
  <testcase name="parametersTrTrhValidation[1-3 067 295 Team1: Bradford City | Team2: Cheltenham Town]" classname="com.example.jsonValidation" time="0"/>
  <testcase name="defaultProviderValidation[1-3 067 295 Team1: Bradford City | Team2: Cheltenham Town]" classname="com.example.jsonValidation" time="0.003"/>
  <testcase name="statusOfMatchValidation[1-3 067 296 Team1: Cambridge United | Team2: Salford City]" classname="com.example.jsonValidation" time="0"/>
  <testcase name="parametersTrTrhValidation[1-3 067 296 Team1: Cambridge United | Team2: Salford City]" classname="com.example.jsonValidation" time="0"/>
  <testcase name="defaultProviderValidation[1-3 067 296 Team1: Cambridge United | Team2: Salford City]" classname="com.example.jsonValidation" time="0.002"/>
  <testcase name="statusOfMatchValidation[1-3 067 297 Team1: Colchester United | Team2: Swindon Town]" classname="com.example.jsonValidation" time="0"/>
  <testcase name="parametersTrTrhValidation[1-3 067 297 Team1: Colchester United | Team2: Swindon Town]" classname="com.example.jsonValidation" time="0"/>
  <testcase name="defaultProviderValidation[1-3 067 297 Team1: Colchester United | Team2: Swindon Town]" classname="com.example.jsonValidation" time="0.004"/>
  <testcase name="statusOfMatchValidation[1-3 067 298 Team1: Crewe Alexandra | Team2: Leyton Orient]" classname="com.example.jsonValidation" time="0"/>
  <testcase name="parametersTrTrhValidation[1-3 067 298 Team1: Crewe Alexandra | Team2: Leyton Orient]" classname="com.example.jsonValidation" time="0"/>
  <testcase name="defaultProviderValidation[1-3 067 298 Team1: Crewe Alexandra | Team2: Leyton Orient]" classname="com.example.jsonValidation" time="0.002"/>
  <testcase name="statusOfMatchValidation[1-3 067 299 Team1: Forest Green Rovers | Team2: Carlisle United]" classname="com.example.jsonValidation" time="0"/>
  <testcase name="parametersTrTrhValidation[1-3 067 299 Team1: Forest Green Rovers | Team2: Carlisle United]" classname="com.example.jsonValidation" time="0"/>
  <testcase name="defaultProviderValidation[1-3 067 299 Team1: Forest Green Rovers | Team2: Carlisle United]" classname="com.example.jsonValidation" time="0.002"/>
  <testcase name="statusOfMatchValidation[1-3 067 300 Team1: Grimsby Town | Team2: Stevenage]" classname="com.example.jsonValidation" time="0"/>
  <testcase name="parametersTrTrhValidation[1-3 067 300 Team1: Grimsby Town | Team2: Stevenage]" classname="com.example.jsonValidation" time="0"/>
  <testcase name="defaultProviderValidation[1-3 067 300 Team1: Grimsby Town | Team2: Stevenage]" classname="com.example.jsonValidation" time="0.002"/>
  <testcase name="statusOfMatchValidation[1-3 067 301 Team1: Newport County | Team2: Macclesfield Town]" classname="com.example.jsonValidation" time="0"/>
  <testcase name="parametersTrTrhValidation[1-3 067 301 Team1: Newport County | Team2: Macclesfield Town]" classname="com.example.jsonValidation" time="0"/>
  <testcase name="defaultProviderValidation[1-3 067 301 Team1: Newport County | Team2: Macclesfield Town]" classname="com.example.jsonValidation" time="0.005"/>
  <testcase name="statusOfMatchValidation[1-3 067 302 Team1: Northampton Town | Team2: Scunthorpe United]" classname="com.example.jsonValidation" time="0"/>
  <testcase name="parametersTrTrhValidation[1-3 067 302 Team1: Northampton Town | Team2: Scunthorpe United]" classname="com.example.jsonValidation" time="0"/>
  <testcase name="defaultProviderValidation[1-3 067 302 Team1: Northampton Town | Team2: Scunthorpe United]" classname="com.example.jsonValidation" time="0.003"/>
  <testcase name="statusOfMatchValidation[1-3 067 303 Team1: Oldham Athletic | Team2: Mansfield Town]" classname="com.example.jsonValidation" time="0"/>
  <testcase name="parametersTrTrhValidation[1-3 067 303 Team1: Oldham Athletic | Team2: Mansfield Town]" classname="com.example.jsonValidation" time="0"/>
  <testcase name="defaultProviderValidation[1-3 067 303 Team1: Oldham Athletic | Team2: Mansfield Town]" classname="com.example.jsonValidation" time="0.003"/>
  <testcase name="statusOfMatchValidation[1-3 067 305 Team1: Port Vale | Team2: Exeter City]" classname="com.example.jsonValidation" time="0"/>
  <testcase name="parametersTrTrhValidation[1-3 067 305 Team1: Port Vale | Team2: Exeter City]" classname="com.example.jsonValidation" time="0"/>
  <testcase name="defaultProviderValidation[1-3 067 305 Team1: Port Vale | Team2: Exeter City]" classname="com.example.jsonValidation" time="0.002"/>
  <testcase name="statusOfMatchValidation[1-3 067 306 Team1: Walsall | Team2: Morecambe]" classname="com.example.jsonValidation" time="0"/>
  <testcase name="parametersTrTrhValidation[1-3 067 306 Team1: Walsall | Team2: Morecambe]" classname="com.example.jsonValidation" time="0"/>
  <testcase name="defaultProviderValidation[1-3 067 306 Team1: Walsall | Team2: Morecambe]" classname="com.example.jsonValidation" time="0.002"/>
  <testcase name="statusOfMatchValidation[1-3 067 304 Team1: Plymouth Argyle | Team2: Crawley Town]" classname="com.example.jsonValidation" time="0"/>
  <testcase name="parametersTrTrhValidation[1-3 067 304 Team1: Plymouth Argyle | Team2: Crawley Town]" classname="com.example.jsonValidation" time="0"/>
  <testcase name="defaultProviderValidation[1-3 067 304 Team1: Plymouth Argyle | Team2: Crawley Town]" classname="com.example.jsonValidation" time="0.002"/>
  <testcase name="statusOfMatchValidation[1-3 255 730 Team1: Barnet | Team2: Farsley Celtic]" classname="com.example.jsonValidation" time="0"/>
  <testcase name="parametersTrTrhValidation[1-3 255 730 Team1: Barnet | Team2: Farsley Celtic]" classname="com.example.jsonValidation" time="0"/>
  <testcase name="defaultProviderValidation[1-3 255 730 Team1: Barnet | Team2: Farsley Celtic]" classname="com.example.jsonValidation" time="0.004"/>
  <testcase name="statusOfMatchValidation[1-3 255 733 Team1: Bath City | Team2: Concord Rangers]" classname="com.example.jsonValidation" time="0"/>
  <testcase name="parametersTrTrhValidation[1-3 255 733 Team1: Bath City | Team2: Concord Rangers]" classname="com.example.jsonValidation" time="0"/>
  <testcase name="defaultProviderValidation[1-3 255 733 Team1: Bath City | Team2: Concord Rangers]" classname="com.example.jsonValidation" time="0.002"/>
  <testcase name="statusOfMatchValidation[1-3 090 332 Team1: Eastleigh | Team2: Aldershot Town]" classname="com.example.jsonValidation" time="0"/>
  <testcase name="parametersTrTrhValidation[1-3 090 332 Team1: Eastleigh | Team2: Aldershot Town]" classname="com.example.jsonValidation" time="0"/>
  <testcase name="defaultProviderValidation[1-3 090 332 Team1: Eastleigh | Team2: Aldershot Town]" classname="com.example.jsonValidation" time="0.003"/>
  <testcase name="statusOfMatchValidation[1-3 090 320 Team1: Ebbsfleet United | Team2: Woking]" classname="com.example.jsonValidation" time="0"/>
  <testcase name="parametersTrTrhValidation[1-3 090 320 Team1: Ebbsfleet United | Team2: Woking]" classname="com.example.jsonValidation" time="0"/>
  <testcase name="defaultProviderValidation[1-3 090 320 Team1: Ebbsfleet United | Team2: Woking]" classname="com.example.jsonValidation" time="0.003"/>
  <testcase name="statusOfMatchValidation[1-3 090 297 Team1: FC Halifax Town | Team2: Dover Athletic]" classname="com.example.jsonValidation" time="0"/>
  <testcase name="parametersTrTrhValidation[1-3 090 297 Team1: FC Halifax Town | Team2: Dover Athletic]" classname="com.example.jsonValidation" time="0"/>
  <testcase name="defaultProviderValidation[1-3 090 297 Team1: FC Halifax Town | Team2: Dover Athletic]" classname="com.example.jsonValidation" time="0.003"/>
  <testcase name="statusOfMatchValidation[1-3 090 324 Team1: Solihull Moors | Team2: Barrow]" classname="com.example.jsonValidation" time="0"/>
  <testcase name="parametersTrTrhValidation[1-3 090 324 Team1: Solihull Moors | Team2: Barrow]" classname="com.example.jsonValidation" time="0"/>
  <testcase name="defaultProviderValidation[1-3 090 324 Team1: Solihull Moors | Team2: Barrow]" classname="com.example.jsonValidation" time="0.003"/>
  <testcase name="statusOfMatchValidation[1-3 092 538 Team1: Alfreton Town | Team2: Gloucester City]" classname="com.example.jsonValidation" time="0"/>
  <testcase name="parametersTrTrhValidation[1-3 092 538 Team1: Alfreton Town | Team2: Gloucester City]" classname="com.example.jsonValidation" time="0"/>
  <testcase name="defaultProviderValidation[1-3 092 538 Team1: Alfreton Town | Team2: Gloucester City]" classname="com.example.jsonValidation" time="0.004"/>
  <testcase name="statusOfMatchValidation[1-3 092 544 Team1: Gateshead | Team2: Chester FC]" classname="com.example.jsonValidation" time="0"/>
  <testcase name="parametersTrTrhValidation[1-3 092 544 Team1: Gateshead | Team2: Chester FC]" classname="com.example.jsonValidation" time="0"/>
  <testcase name="defaultProviderValidation[1-3 092 544 Team1: Gateshead | Team2: Chester FC]" classname="com.example.jsonValidation" time="0.002"/>
  <testcase name="statusOfMatchValidation[1-3 092 500 Team1: Kettering Town | Team2: Altrincham]" classname="com.example.jsonValidation" time="0"/>
  <testcase name="parametersTrTrhValidation[1-3 092 500 Team1: Kettering Town | Team2: Altrincham]" classname="com.example.jsonValidation" time="0"/>
  <testcase name="defaultProviderValidation[1-3 092 500 Team1: Kettering Town | Team2: Altrincham]" classname="com.example.jsonValidation" time="0.003"/>
  <testcase name="statusOfMatchValidation[1-3 092 636 Team1: Telford | Team2: Blyth Spartans]" classname="com.example.jsonValidation" time="0"/>
  <testcase name="parametersTrTrhValidation[1-3 092 636 Team1: Telford | Team2: Blyth Spartans]" classname="com.example.jsonValidation" time="0"/>
  <testcase name="defaultProviderValidation[1-3 092 636 Team1: Telford | Team2: Blyth Spartans]" classname="com.example.jsonValidation" time="0.003"/>
  <testcase name="statusOfMatchValidation[1-3 093 001 Team1: Billericay | Team2: Havant and Waterlooville]" classname="com.example.jsonValidation" time="0"/>
  <testcase name="parametersTrTrhValidation[1-3 093 001 Team1: Billericay | Team2: Havant and Waterlooville]" classname="com.example.jsonValidation" time="0"/>
  <testcase name="defaultProviderValidation[1-3 093 001 Team1: Billericay | Team2: Havant and Waterlooville]" classname="com.example.jsonValidation" time="0.003"/>
  <testcase name="statusOfMatchValidation[1-3 093 027 Team1: Hampton &amp; Richmond | Team2: Slough Town]" classname="com.example.jsonValidation" time="0"/>
  <testcase name="parametersTrTrhValidation[1-3 093 027 Team1: Hampton &amp; Richmond | Team2: Slough Town]" classname="com.example.jsonValidation" time="0"/>
  <testcase name="defaultProviderValidation[1-3 093 027 Team1: Hampton &amp; Richmond | Team2: Slough Town]" classname="com.example.jsonValidation" time="0.003"/>
  <testcase name="statusOfMatchValidation[1-3 092 996 Team1: Hemel Hempstead | Team2: Weymouth]" classname="com.example.jsonValidation" time="0"/>
  <testcase name="parametersTrTrhValidation[1-3 092 996 Team1: Hemel Hempstead | Team2: Weymouth]" classname="com.example.jsonValidation" time="0"/>
  <testcase name="defaultProviderValidation[1-3 092 996 Team1: Hemel Hempstead | Team2: Weymouth]" classname="com.example.jsonValidation" time="0.004"/>
  <testcase name="statusOfMatchValidation[1-3 093 042 Team1: Tonbridge Angels | Team2: Maidstone United]" classname="com.example.jsonValidation" time="0"/>
  <testcase name="parametersTrTrhValidation[1-3 093 042 Team1: Tonbridge Angels | Team2: Maidstone United]" classname="com.example.jsonValidation" time="0"/>
  <testcase name="defaultProviderValidation[1-3 093 042 Team1: Tonbridge Angels | Team2: Maidstone United]" classname="com.example.jsonValidation" time="0.003"/>
  <testcase name="statusOfMatchValidation[1-3 265 855 Team1: Tenerife | Team2: Athletic Bilbao]" classname="com.example.jsonValidation" time="0"/>
  <testcase name="parametersTrTrhValidation[1-3 265 855 Team1: Tenerife | Team2: Athletic Bilbao]" classname="com.example.jsonValidation" time="0"/>
  <testcase name="defaultProviderValidation[1-3 265 855 Team1: Tenerife | Team2: Athletic Bilbao]" classname="com.example.jsonValidation" time="0.002"/>
  <testcase name="statusOfMatchValidation[6-20 990 421 Team1: Milan | Team2: Torino]" classname="com.example.jsonValidation" time="0"/>
  <testcase name="parametersTrTrhValidation[6-20 990 421 Team1: Milan | Team2: Torino]" classname="com.example.jsonValidation" time="0"/>
  <testcase name="defaultProviderValidation[6-20 990 421 Team1: Milan | Team2: Torino]" classname="com.example.jsonValidation" time="0.003"/>
  <testcase name="statusOfMatchValidation[6-18 573 180 Team1: DSC Arminia Bielefeld | Team2: VfL Bochum 1848]" classname="com.example.jsonValidation" time="0"/>
  <testcase name="parametersTrTrhValidation[6-18 573 180 Team1: DSC Arminia Bielefeld | Team2: VfL Bochum 1848]" classname="com.example.jsonValidation" time="0"/>
  <testcase name="defaultProviderValidation[6-18 573 180 Team1: DSC Arminia Bielefeld | Team2: VfL Bochum 1848]" classname="com.example.jsonValidation" time="0.004"/>
  <testcase name="statusOfMatchValidation[6-18 573 182 Team1: SSV Jahn Regensburg | Team2: Hannover 96]" classname="com.example.jsonValidation" time="0"/>
  <testcase name="parametersTrTrhValidation[6-18 573 182 Team1: SSV Jahn Regensburg | Team2: Hannover 96]" classname="com.example.jsonValidation" time="0"/>
  <testcase name="defaultProviderValidation[6-18 573 182 Team1: SSV Jahn Regensburg | Team2: Hannover 96]" classname="com.example.jsonValidation" time="0.003"/>
  <testcase name="statusOfMatchValidation[6-18 573 190 Team1: SV Wehen Wiesbaden | Team2: FC Erzgebirge Aue]" classname="com.example.jsonValidation" time="0"/>
  <testcase name="parametersTrTrhValidation[6-18 573 190 Team1: SV Wehen Wiesbaden | Team2: FC Erzgebirge Aue]" classname="com.example.jsonValidation" time="0"/>
  <testcase name="defaultProviderValidation[6-18 573 190 Team1: SV Wehen Wiesbaden | Team2: FC Erzgebirge Aue]" classname="com.example.jsonValidation" time="0.004"/>
  <testcase name="statusOfMatchValidation[6-18 573 186 Team1: SpVgg Greuther FГјrth | Team2: FC St. Pauli]" classname="com.example.jsonValidation" time="0"/>
  <testcase name="parametersTrTrhValidation[6-18 573 186 Team1: SpVgg Greuther FГјrth | Team2: FC St. Pauli]" classname="com.example.jsonValidation" time="0"/>
  <testcase name="defaultProviderValidation[6-18 573 186 Team1: SpVgg Greuther FГјrth | Team2: FC St. Pauli]" classname="com.example.jsonValidation" time="0.003"/>
  <testcase name="statusOfMatchValidation[1-3 261 817 Team1: ASM Belfort | Team2: Montpellier]" classname="com.example.jsonValidation" time="0"/>
  <testcase name="parametersTrTrhValidation[1-3 261 817 Team1: ASM Belfort | Team2: Montpellier]" classname="com.example.jsonValidation" time="0"/>
  <testcase name="defaultProviderValidation[1-3 261 817 Team1: ASM Belfort | Team2: Montpellier]" classname="com.example.jsonValidation" time="0.002"/>
  <testcase name="statusOfMatchValidation[1-3 261 813 Team1: Angers | Team2: Rennes]" classname="com.example.jsonValidation" time="0"/>
  <testcase name="parametersTrTrhValidation[1-3 261 813 Team1: Angers | Team2: Rennes]" classname="com.example.jsonValidation" time="0.001"/>
  <testcase name="defaultProviderValidation[1-3 261 813 Team1: Angers | Team2: Rennes]" classname="com.example.jsonValidation" time="0.003"/>
  <testcase name="statusOfMatchValidation[1-3 261 812 Team1: FC de Limonest | Team2: Dijon]" classname="com.example.jsonValidation" time="0"/>
  <testcase name="parametersTrTrhValidation[1-3 261 812 Team1: FC de Limonest | Team2: Dijon]" classname="com.example.jsonValidation" time="0"/>
  <testcase name="defaultProviderValidation[1-3 261 812 Team1: FC de Limonest | Team2: Dijon]" classname="com.example.jsonValidation" time="0.003"/>
  <testcase name="statusOfMatchValidation[1-3 261 921 Team1: Monaco | Team2: Saint-Etienne]" classname="com.example.jsonValidation" time="0"/>
  <testcase name="parametersTrTrhValidation[1-3 261 921 Team1: Monaco | Team2: Saint-Etienne]" classname="com.example.jsonValidation" time="0"/>
  <testcase name="defaultProviderValidation[1-3 261 921 Team1: Monaco | Team2: Saint-Etienne]" classname="com.example.jsonValidation" time="0.002"/>
  <testcase name="statusOfMatchValidation[6-20 754 439 Team1: Fortuna Sittard | Team2: Feyenoord]" classname="com.example.jsonValidation" time="0"/>
  <testcase name="parametersTrTrhValidation[6-20 754 439 Team1: Fortuna Sittard | Team2: Feyenoord]" classname="com.example.jsonValidation" time="0"/>
  <testcase name="defaultProviderValidation[6-20 754 439 Team1: Fortuna Sittard | Team2: Feyenoord]" classname="com.example.jsonValidation" time="0.003"/>
  <testcase name="statusOfMatchValidation[6-18 660 450 Team1: FC Porto | Team2: Gil Vicente FC]" classname="com.example.jsonValidation" time="0"/>
  <testcase name="parametersTrTrhValidation[6-18 660 450 Team1: FC Porto | Team2: Gil Vicente FC]" classname="com.example.jsonValidation" time="0"/>
  <testcase name="defaultProviderValidation[6-18 660 450 Team1: FC Porto | Team2: Gil Vicente FC]" classname="com.example.jsonValidation" time="0.002"/>
  <testcase name="statusOfMatchValidation[1-3 261 886 Team1: Falkirk | Team2: Arbroath]" classname="com.example.jsonValidation" time="0"/>
  <testcase name="parametersTrTrhValidation[1-3 261 886 Team1: Falkirk | Team2: Arbroath]" classname="com.example.jsonValidation" time="0"/>
  <testcase name="defaultProviderValidation[1-3 261 886 Team1: Falkirk | Team2: Arbroath]" classname="com.example.jsonValidation" time="0.002"/>
  <testcase name="statusOfMatchValidation[1-3 261 887 Team1: Hibernian | Team2: Dundee United]" classname="com.example.jsonValidation" time="0"/>
  <testcase name="parametersTrTrhValidation[1-3 261 887 Team1: Hibernian | Team2: Dundee United]" classname="com.example.jsonValidation" time="0"/>
  <testcase name="defaultProviderValidation[1-3 261 887 Team1: Hibernian | Team2: Dundee United]" classname="com.example.jsonValidation" time="0.002"/>
  <testcase name="statusOfMatchValidation[1-3 244 918 Team1: FC Nordsjaelland | Team2: FC Roskilde]" classname="com.example.jsonValidation" time="0"/>
  <testcase name="parametersTrTrhValidation[1-3 244 918 Team1: FC Nordsjaelland | Team2: FC Roskilde]" classname="com.example.jsonValidation" time="0"/>
  <testcase name="defaultProviderValidation[1-3 244 918 Team1: FC Nordsjaelland | Team2: FC Roskilde]" classname="com.example.jsonValidation" time="0.004"/>
  <testcase name="statusOfMatchValidation[1-3 244 901 Team1: Dinamo Moscow | Team2: Lechia Gdansk]" classname="com.example.jsonValidation" time="0"/>
  <testcase name="parametersTrTrhValidation[1-3 244 901 Team1: Dinamo Moscow | Team2: Lechia Gdansk]" classname="com.example.jsonValidation" time="0"/>
  <testcase name="defaultProviderValidation[1-3 244 901 Team1: Dinamo Moscow | Team2: Lechia Gdansk]" classname="com.example.jsonValidation" time="0.003"/>
  <testcase name="statusOfMatchValidation[1-3 267 108 Team1: FC Orenburg | Team2: Sigma Olomouc]" classname="com.example.jsonValidation" time="0"/>
  <testcase name="parametersTrTrhValidation[1-3 267 108 Team1: FC Orenburg | Team2: Sigma Olomouc]" classname="com.example.jsonValidation" time="0"/>
  <testcase name="defaultProviderValidation[1-3 267 108 Team1: FC Orenburg | Team2: Sigma Olomouc]" classname="com.example.jsonValidation" time="0.002"/>
  <testcase name="statusOfMatchValidation[1-3 267 145 Team1: Hartberg | Team2: Desna]" classname="com.example.jsonValidation" time="0"/>
  <testcase name="parametersTrTrhValidation[1-3 267 145 Team1: Hartberg | Team2: Desna]" classname="com.example.jsonValidation" time="0"/>
  <testcase name="defaultProviderValidation[1-3 267 145 Team1: Hartberg | Team2: Desna]" classname="com.example.jsonValidation" time="0.002"/>
  <testcase name="statusOfMatchValidation[1-3 252 971 Team1: SKN St. Poelten | Team2: Mariupol]" classname="com.example.jsonValidation" time="0"/>
  <testcase name="parametersTrTrhValidation[1-3 252 971 Team1: SKN St. Poelten | Team2: Mariupol]" classname="com.example.jsonValidation" time="0"/>
  <testcase name="defaultProviderValidation[1-3 252 971 Team1: SKN St. Poelten | Team2: Mariupol]" classname="com.example.jsonValidation" time="0.004"/>
  <testcase name="statusOfMatchValidation[1-3 238 881 Team1: Hammarby | Team2: FC Midtjylland]" classname="com.example.jsonValidation" time="0"/>
  <testcase name="parametersTrTrhValidation[1-3 238 881 Team1: Hammarby | Team2: FC Midtjylland]" classname="com.example.jsonValidation" time="0"/>
  <testcase name="defaultProviderValidation[1-3 238 881 Team1: Hammarby | Team2: FC Midtjylland]" classname="com.example.jsonValidation" time="0.003"/>
  <testcase name="statusOfMatchValidation[1-3 078 790 Team1: Glentoran | Team2: Glenavon]" classname="com.example.jsonValidation" time="0"/>
  <testcase name="parametersTrTrhValidation[1-3 078 790 Team1: Glentoran | Team2: Glenavon]" classname="com.example.jsonValidation" time="0"/>
  <testcase name="defaultProviderValidation[1-3 078 790 Team1: Glentoran | Team2: Glenavon]" classname="com.example.jsonValidation" time="0.002"/>
  <testcase name="statusOfMatchValidation[1-3 078 727 Team1: Larne | Team2: Linfield]" classname="com.example.jsonValidation" time="0"/>
  <testcase name="parametersTrTrhValidation[1-3 078 727 Team1: Larne | Team2: Linfield]" classname="com.example.jsonValidation" time="0"/>
  <testcase name="defaultProviderValidation[1-3 078 727 Team1: Larne | Team2: Linfield]" classname="com.example.jsonValidation" time="0.003"/>
  <testcase name="statusOfMatchValidation[1-3 148 060 Team1: Villa Mitre | Team2: Sportivo Estudiantes]" classname="com.example.jsonValidation" time="0"/>
  <testcase name="parametersTrTrhValidation[1-3 148 060 Team1: Villa Mitre | Team2: Sportivo Estudiantes]" classname="com.example.jsonValidation" time="0"/>
  <testcase name="defaultProviderValidation[1-3 148 060 Team1: Villa Mitre | Team2: Sportivo Estudiantes]" classname="com.example.jsonValidation" time="0.002"/>
  <testcase name="statusOfMatchValidation[1-3 148 068 Team1: Deportivo Maipu | Team2: Club Sportivo Penarol]" classname="com.example.jsonValidation" time="0"/>
  <testcase name="parametersTrTrhValidation[1-3 148 068 Team1: Deportivo Maipu | Team2: Club Sportivo Penarol]" classname="com.example.jsonValidation" time="0"/>
  <testcase name="defaultProviderValidation[1-3 148 068 Team1: Deportivo Maipu | Team2: Club Sportivo Penarol]" classname="com.example.jsonValidation" time="0.003"/>
  <testcase name="statusOfMatchValidation[1-3 148 064 Team1: Desamparados | Team2: Sansinena BB]" classname="com.example.jsonValidation" time="0"/>
  <testcase name="parametersTrTrhValidation[1-3 148 064 Team1: Desamparados | Team2: Sansinena BB]" classname="com.example.jsonValidation" time="0"/>
  <testcase name="defaultProviderValidation[1-3 148 064 Team1: Desamparados | Team2: Sansinena BB]" classname="com.example.jsonValidation" time="0.002"/>
  <testcase name="statusOfMatchValidation[6-20 512 621 Team1: CA Bragantino SP | Team2: AA Internacional Limeira SP]" classname="com.example.jsonValidation" time="0"/>
  <testcase name="parametersTrTrhValidation[6-20 512 621 Team1: CA Bragantino SP | Team2: AA Internacional Limeira SP]" classname="com.example.jsonValidation" time="0.001"/>
  <testcase name="defaultProviderValidation[6-20 512 621 Team1: CA Bragantino SP | Team2: AA Internacional Limeira SP]" classname="com.example.jsonValidation" time="0.004"/>
  <testcase name="statusOfMatchValidation[6-20 512 619 Team1: Guarani | Team2: Santos FC SP]" classname="com.example.jsonValidation" time="0"/>
  <testcase name="parametersTrTrhValidation[6-20 512 619 Team1: Guarani | Team2: Santos FC SP]" classname="com.example.jsonValidation" time="0"/>
  <testcase name="defaultProviderValidation[6-20 512 619 Team1: Guarani | Team2: Santos FC SP]" classname="com.example.jsonValidation" time="0.003"/>
  <testcase name="statusOfMatchValidation[1-3 245 634 Team1: Boavista | Team2: Madureira RJ]" classname="com.example.jsonValidation" time="0"/>
  <testcase name="parametersTrTrhValidation[1-3 245 634 Team1: Boavista | Team2: Madureira RJ]" classname="com.example.jsonValidation" time="0"/>
  <testcase name="defaultProviderValidation[1-3 245 634 Team1: Boavista | Team2: Madureira RJ]" classname="com.example.jsonValidation" time="0.003"/>
  <testcase name="statusOfMatchValidation[1-3 232 941 Team1: Cruzeiro | Team2: Villa Nova AC]" classname="com.example.jsonValidation" time="0"/>
  <testcase name="parametersTrTrhValidation[1-3 232 941 Team1: Cruzeiro | Team2: Villa Nova AC]" classname="com.example.jsonValidation" time="0"/>
  <testcase name="defaultProviderValidation[1-3 232 941 Team1: Cruzeiro | Team2: Villa Nova AC]" classname="com.example.jsonValidation" time="0.002"/>
  <testcase name="statusOfMatchValidation[6-20 527 769 Team1: SAO Paulo Crystal FC PB | Team2: Treze FC PB]" classname="com.example.jsonValidation" time="0"/>
  <testcase name="parametersTrTrhValidation[6-20 527 769 Team1: SAO Paulo Crystal FC PB | Team2: Treze FC PB]" classname="com.example.jsonValidation" time="0"/>
  <testcase name="defaultProviderValidation[6-20 527 769 Team1: SAO Paulo Crystal FC PB | Team2: Treze FC PB]" classname="com.example.jsonValidation" time="0.002"/>
  <testcase name="statusOfMatchValidation[6-20 527 767 Team1: SC Lagoa Seca PB | Team2: Sousa EC PB]" classname="com.example.jsonValidation" time="0"/>
  <testcase name="parametersTrTrhValidation[6-20 527 767 Team1: SC Lagoa Seca PB | Team2: Sousa EC PB]" classname="com.example.jsonValidation" time="0"/>
  <testcase name="defaultProviderValidation[6-20 527 767 Team1: SC Lagoa Seca PB | Team2: Sousa EC PB]" classname="com.example.jsonValidation" time="0.003"/>
  <testcase name="statusOfMatchValidation[6-20 495 583 Team1: SC Recife PE | Team2: Central PE]" classname="com.example.jsonValidation" time="0"/>
  <testcase name="parametersTrTrhValidation[6-20 495 583 Team1: SC Recife PE | Team2: Central PE]" classname="com.example.jsonValidation" time="0"/>
  <testcase name="defaultProviderValidation[6-20 495 583 Team1: SC Recife PE | Team2: Central PE]" classname="com.example.jsonValidation" time="0.003"/>
  <testcase name="statusOfMatchValidation[6-20 494 959 Team1: AO Itabaiana SE | Team2: AD Confianca SE]" classname="com.example.jsonValidation" time="0"/>
  <testcase name="parametersTrTrhValidation[6-20 494 959 Team1: AO Itabaiana SE | Team2: AD Confianca SE]" classname="com.example.jsonValidation" time="0"/>
  <testcase name="defaultProviderValidation[6-20 494 959 Team1: AO Itabaiana SE | Team2: AD Confianca SE]" classname="com.example.jsonValidation" time="0.004"/>
  <testcase name="statusOfMatchValidation[6-21 083 461 Team1: Curico Unido | Team2: Deportes La Serena]" classname="com.example.jsonValidation" time="0"/>
  <testcase name="parametersTrTrhValidation[6-21 083 461 Team1: Curico Unido | Team2: Deportes La Serena]" classname="com.example.jsonValidation" time="0"/>
  <testcase name="defaultProviderValidation[6-21 083 461 Team1: Curico Unido | Team2: Deportes La Serena]" classname="com.example.jsonValidation" time="0.002"/>
  <testcase name="statusOfMatchValidation[6-20 925 189 Team1: Colo Colo | Team2: Palestino]" classname="com.example.jsonValidation" time="0"/>
  <testcase name="parametersTrTrhValidation[6-20 925 189 Team1: Colo Colo | Team2: Palestino]" classname="com.example.jsonValidation" time="0"/>
  <testcase name="defaultProviderValidation[6-20 925 189 Team1: Colo Colo | Team2: Palestino]" classname="com.example.jsonValidation" time="0.003"/>
  <testcase name="statusOfMatchValidation[6-20 932 933 Team1: CD Once Caldas | Team2: AtlГ©tico Bucaramanga]" classname="com.example.jsonValidation" time="0"/>
  <testcase name="parametersTrTrhValidation[6-20 932 933 Team1: CD Once Caldas | Team2: AtlГ©tico Bucaramanga]" classname="com.example.jsonValidation" time="0"/>
  <testcase name="defaultProviderValidation[6-20 932 933 Team1: CD Once Caldas | Team2: AtlГ©tico Bucaramanga]" classname="com.example.jsonValidation" time="0.003"/>
  <testcase name="statusOfMatchValidation[6-20 932 935 Team1: Independiente Medellin | Team2: Rionegro Aguilas]" classname="com.example.jsonValidation" time="0"/>
  <testcase name="parametersTrTrhValidation[6-20 932 935 Team1: Independiente Medellin | Team2: Rionegro Aguilas]" classname="com.example.jsonValidation" time="0"/>
  <testcase name="defaultProviderValidation[6-20 932 935 Team1: Independiente Medellin | Team2: Rionegro Aguilas]" classname="com.example.jsonValidation" time="0.003"/>
  <testcase name="statusOfMatchValidation[1-3 264 660 Team1: Shanghai SIPG FC | Team2: Buriram United]" classname="com.example.jsonValidation" time="0"/>
  <testcase name="parametersTrTrhValidation[1-3 264 660 Team1: Shanghai SIPG FC | Team2: Buriram United]" classname="com.example.jsonValidation" time="0"/>
  <testcase name="defaultProviderValidation[1-3 264 660 Team1: Shanghai SIPG FC | Team2: Buriram United]" classname="com.example.jsonValidation" time="0.005"/>
  <testcase name="statusOfMatchValidation[1-3 264 657 Team1: FC Seoul | Team2: Kedah]" classname="com.example.jsonValidation" time="0"/>
  <testcase name="parametersTrTrhValidation[1-3 264 657 Team1: FC Seoul | Team2: Kedah]" classname="com.example.jsonValidation" time="0"/>
  <testcase name="defaultProviderValidation[1-3 264 657 Team1: FC Seoul | Team2: Kedah]" classname="com.example.jsonValidation" time="0.002"/>
  <testcase name="statusOfMatchValidation[1-3 264 659 Team1: FC Tokyo | Team2: Ceres-Negros FC]" classname="com.example.jsonValidation" time="0"/>
  <testcase name="parametersTrTrhValidation[1-3 264 659 Team1: FC Tokyo | Team2: Ceres-Negros FC]" classname="com.example.jsonValidation" time="0"/>
  <testcase name="defaultProviderValidation[1-3 264 659 Team1: FC Tokyo | Team2: Ceres-Negros FC]" classname="com.example.jsonValidation" time="0.003"/>
  <testcase name="statusOfMatchValidation[1-3 264 658 Team1: Kashima Antlers | Team2: Melbourne Victory]" classname="com.example.jsonValidation" time="0"/>
  <testcase name="parametersTrTrhValidation[1-3 264 658 Team1: Kashima Antlers | Team2: Melbourne Victory]" classname="com.example.jsonValidation" time="0"/>
  <testcase name="defaultProviderValidation[1-3 264 658 Team1: Kashima Antlers | Team2: Melbourne Victory]" classname="com.example.jsonValidation" time="0.004"/>
  <testcase name="statusOfMatchValidation[1-3 264 661 Team1: Al-Ain | Team2: Bunyodkor Tashkent]" classname="com.example.jsonValidation" time="0"/>
  <testcase name="parametersTrTrhValidation[1-3 264 661 Team1: Al-Ain | Team2: Bunyodkor Tashkent]" classname="com.example.jsonValidation" time="0"/>
  <testcase name="defaultProviderValidation[1-3 264 661 Team1: Al-Ain | Team2: Bunyodkor Tashkent]" classname="com.example.jsonValidation" time="0.002"/>
  <testcase name="statusOfMatchValidation[1-3 264 668 Team1: Al-Sailiya | Team2: Shahr Khodrou FC]" classname="com.example.jsonValidation" time="0"/>
  <testcase name="parametersTrTrhValidation[1-3 264 668 Team1: Al-Sailiya | Team2: Shahr Khodrou FC]" classname="com.example.jsonValidation" time="0"/>
  <testcase name="defaultProviderValidation[1-3 264 668 Team1: Al-Sailiya | Team2: Shahr Khodrou FC]" classname="com.example.jsonValidation" time="0.002"/>
  <testcase name="statusOfMatchValidation[1-3 264 669 Team1: Al-Rayyan | Team2: Esteghlal]" classname="com.example.jsonValidation" time="0"/>
  <testcase name="parametersTrTrhValidation[1-3 264 669 Team1: Al-Rayyan | Team2: Esteghlal]" classname="com.example.jsonValidation" time="0"/>
  <testcase name="defaultProviderValidation[1-3 264 669 Team1: Al-Rayyan | Team2: Esteghlal]" classname="com.example.jsonValidation" time="0.003"/>
  <testcase name="statusOfMatchValidation[1-3 264 662 Team1: Al Ahli | Team2: FC Istiklol]" classname="com.example.jsonValidation" time="0"/>
  <testcase name="parametersTrTrhValidation[1-3 264 662 Team1: Al Ahli | Team2: FC Istiklol]" classname="com.example.jsonValidation" time="0"/>
  <testcase name="defaultProviderValidation[1-3 264 662 Team1: Al Ahli | Team2: FC Istiklol]" classname="com.example.jsonValidation" time="0.003"/>
  <testcase name="statusOfMatchValidation[6-21 067 693 Team1: Al-Dhafra | Team2: Al-Jazira]" classname="com.example.jsonValidation" time="0"/>
  <testcase name="parametersTrTrhValidation[6-21 067 693 Team1: Al-Dhafra | Team2: Al-Jazira]" classname="com.example.jsonValidation" time="0"/>
  <testcase name="defaultProviderValidation[6-21 067 693 Team1: Al-Dhafra | Team2: Al-Jazira]" classname="com.example.jsonValidation" time="0.002"/>
  <testcase name="statusOfMatchValidation[6-21 067 697 Team1: Ajman Club | Team2: FC Baniyas]" classname="com.example.jsonValidation" time="0"/>
  <testcase name="parametersTrTrhValidation[6-21 067 697 Team1: Ajman Club | Team2: FC Baniyas]" classname="com.example.jsonValidation" time="0"/>
  <testcase name="defaultProviderValidation[6-21 067 697 Team1: Ajman Club | Team2: FC Baniyas]" classname="com.example.jsonValidation" time="0.002"/>
  <testcase name="statusOfMatchValidation[6-21 067 705 Team1: Al-Wasl FC | Team2: Al-Nasr]" classname="com.example.jsonValidation" time="0"/>
  <testcase name="parametersTrTrhValidation[6-21 067 705 Team1: Al-Wasl FC | Team2: Al-Nasr]" classname="com.example.jsonValidation" time="0"/>
  <testcase name="defaultProviderValidation[6-21 067 705 Team1: Al-Wasl FC | Team2: Al-Nasr]" classname="com.example.jsonValidation" time="0.002"/>
  <testcase name="statusOfMatchValidation[5-991 718 Team1: Tupapa Maraerenga FC | Team2: Lupe Ole Soaga]" classname="com.example.jsonValidation" time="0"/>
  <testcase name="parametersTrTrhValidation[5-991 718 Team1: Tupapa Maraerenga FC | Team2: Lupe Ole Soaga]" classname="com.example.jsonValidation" time="0"/>
  <testcase name="defaultProviderValidation[5-991 718 Team1: Tupapa Maraerenga FC | Team2: Lupe Ole Soaga]" classname="com.example.jsonValidation" time="0.004"/>
  <testcase name="statusOfMatchValidation[1-3 181 886 Team1: Wadi Degla FC | Team2: El Zamalek]" classname="com.example.jsonValidation" time="0"/>
  <testcase name="parametersTrTrhValidation[1-3 181 886 Team1: Wadi Degla FC | Team2: El Zamalek]" classname="com.example.jsonValidation" time="0"/>
  <testcase name="defaultProviderValidation[1-3 181 886 Team1: Wadi Degla FC | Team2: El Zamalek]" classname="com.example.jsonValidation" time="0.002"/>
  <testcase name="statusOfMatchValidation[1-3 267 818 Team1: Thailand | Team2: Myanmar]" classname="com.example.jsonValidation" time="0"/>
  <testcase name="parametersTrTrhValidation[1-3 267 818 Team1: Thailand | Team2: Myanmar]" classname="com.example.jsonValidation" time="0"/>
  <testcase name="defaultProviderValidation[1-3 267 818 Team1: Thailand | Team2: Myanmar]" classname="com.example.jsonValidation" time="0.002"/>
  <testcase name="statusOfMatchValidation[1-3 267 819 Team1: Morocco | Team2: Tunisia]" classname="com.example.jsonValidation" time="0"/>
  <testcase name="parametersTrTrhValidation[1-3 267 819 Team1: Morocco | Team2: Tunisia]" classname="com.example.jsonValidation" time="0"/>
  <testcase name="defaultProviderValidation[1-3 267 819 Team1: Morocco | Team2: Tunisia]" classname="com.example.jsonValidation" time="0.003"/>
</testsuite>